<?xml version="1.0" encoding="UTF-8"?>
<testsuite xmlns:xsi="http://www.w3.org/2001/XMLSchema-instance" xsi:noNamespaceSchemaLocation="https://maven.apache.org/surefire/maven-surefire-plugin/xsd/surefire-test-report-3.0.xsd" version="3.0" name="com.dgmarkt.runners.CukesRunner" time="185.68" tests="7" errors="0" skipped="0" failures="0">
  <properties>
[...]
</properties>
  <testcase name="Verify that the user can see the order history by clicking the Order History tab." classname="My Account-Order History" time="27.057"/>
  <testcase name="Verify that the user can access the order detail by clicking the View icon" classname="My Account-Order History" time="24.152"/>
  <testcase name="Verify that the user can re-order a product from the order history" classname="My Account-Order History" time="25.014"/>
  <testcase name="Verify that the user can return a product from the order history" classname="My Account-Order History" time="30.615"/>
  <testcase name="Verify that the user should see the returned product on the &apos;Product Returns&apos; page" classname="My Account-Order History" time="23.788"/>
  <testcase name="Verify that the user can access the return details by clicking the ‘View’ icon" classname="My Account-Order History" time="24.988"/>
  <testcase name="Verify that the user should not return a product with unchecked options and empty" classname="My Account-Order History" time="28.752"/>
</testsuite>